2025-04-26 14:13:43 | WARNING | 0xf4ca466b6030b8ab3afa058305ea2478b23894b0 | Failed request. Retry
2025-04-26 14:13:43 | WARNING | 0x17dbf92576718de0df5ea7bdde53f8bdbd6e967f | Failed request. Retry
2025-04-26 14:13:43 | WARNING | 0xc555Bf33Fa1a9a5dd74F4ffA6e3f21Cdf24ADB44 | Failed request. Retry
2025-04-26 14:14:13 | ERROR | 0xf4ca466b6030b8ab3afa058305ea2478b23894b0 | Failed request. Attempts finished
2025-04-26 14:21:02 | WARNING | 0x17dbf92576718de0df5ea7bdde53f8bdbd6e967f | Failed request. Retry
2025-04-26 14:21:02 | WARNING | 0xc555Bf33Fa1a9a5dd74F4ffA6e3f21Cdf24ADB44 | Failed request. Retry
2025-04-26 14:21:02 | WARNING | 0xf4ca466b6030b8ab3afa058305ea2478b23894b0 | Failed request. Retry
2025-04-26 14:23:19 | SUCCESS | 0xc555Bf33Fa1a9a5dd74F4ffA6e3f21Cdf24ADB44 | Not eligible
2025-04-26 14:23:19 | SUCCESS | 0xf4ca466b6030b8ab3afa058305ea2478b23894b0 | Not eligible
2025-04-26 14:23:40 | SUCCESS | 0xc555Bf33Fa1a9a5dd74F4ffA6e3f21Cdf24ADB44 | Not eligible
2025-04-26 14:23:40 | SUCCESS | 0xf4ca466b6030b8ab3afa058305ea2478b23894b0 | Not eligible
2025-04-26 14:24:56 | SUCCESS | 0xc555Bf33Fa1a9a5dd74F4ffA6e3f21Cdf24ADB44 | Not eligible
2025-04-26 14:24:56 | SUCCESS | 0xf4ca466b6030b8ab3afa058305ea2478b23894b0 | Not eligible
2025-04-26 14:24:56 | SUCCESS | 0x17dbf92576718de0df5ea7bdde53f8bdbd6e967f | Eligible | {'campaignData': {'0x8e3bc463fbc3479a2703a240e69cd12ff4724af0caa9be787cfb4c7b2a0de4b5': {'Swellchain King Claim': {'accumulated': '1000000000000000000000', 'unclaimed': '0', 'pending': '0', 'decimals': 18, 'mainParameter': '0x2826D136F5630adA89C1678b64A61620Aab77Aea', 'symbol': 'SWELL', 'token': '0x2826D136F5630adA89C1678b64A61620Aab77Aea'}}}, 'tokenData': {'0x2826D136F5630adA89C1678b64A61620Aab77Aea': {'accumulated': '1000000000000000000000', 'unclaimed': '0', 'pending': '0', 'decimals': 18, 'symbol': 'SWELL', 'proof': ['0x7b78b4dfcfdee19ab353b467a1fbabb616227234f0339ae9a827c9d7bcf1555e', '0xfd0247a1ddba1c555b026929bdf013ec8161f15d2d0d4306de45c9199c61a2fb', '0xfb1afc31677c1c20b10ed54ac83a8e39e8519b38fb1dee4b9f8c378ac72341d7', '0x67ab9703bfd9621313253086ef47d94b308fa5c3cf93d18ab2f10e1c0b2e3a7a', '0x4877e2c9a1bfc5c1cfe2c7f85945cd9427cd0d9b4db327bd610e5e02a24b47aa', '0x9de411789aafe2b4a2ac0f1eabac3ab603fbd8d7a23a8a01fe18dca7c9270a3e', '0x5e6d276e99363ef1cba9166cba84b95a82e28e85751def177e557b881526a9ac', '0xbdc20b28574e5712ed73cb1246401d352f7b63203c7cc16e6db33ab4a9676203', '0x7639e42d88240714b8e48aae3f546e9aebc0ebff8ca705c6f5131b1cf57041b4', '0x2ec19f494dc0a9d051c319b6a77e206ab44ede76a3e423f3b0a075a54d94a1bd', '0x56e03375148599c141096e6050ebe6c5897c7330ad2402417661e9c9d41471d6', '0x4a5cf69c91fe2074f585dcd6702fac836ca9bdb54f97a2dcdb584ef2a2d3ac97', '0x9a86dabb6c6ce2722826e91d86da69c2519bf8568e437eaf0e180d6d4fb00932', '0x7d3b157527aa8096bcbba83783f37f2b5ceba6f9b1e150cea56d4a81baf6bb4e', '0x9307a7cc6a82a81f6e4cdcb5cef45603be9673911cf83826f0619742adafabdd', '0x81079f0b9a1e312a073c512f9ac1e652ba05995bb84314ce803800ac0c91ae4c']}}}
2025-04-26 14:24:57 | SUCCESS | 0xe7f7bf04e8c52abe13fc88bfe43d322ad5595658 | Not eligible
2025-04-26 14:25:40 | SUCCESS | 0xc555Bf33Fa1a9a5dd74F4ffA6e3f21Cdf24ADB44 | Not eligible
2025-04-26 14:25:40 | SUCCESS | 0xf4ca466b6030b8ab3afa058305ea2478b23894b0 | Not eligible
2025-04-26 14:25:41 | SUCCESS | 0x17dbf92576718de0df5ea7bdde53f8bdbd6e967f | Eligible | 1000.0
2025-04-26 14:25:41 | SUCCESS | 0xe7f7bf04e8c52abe13fc88bfe43d322ad5595658 | Not eligible
2025-04-26 14:27:36 | SUCCESS | 0xc555Bf33Fa1a9a5dd74F4ffA6e3f21Cdf24ADB44 | Not eligible
2025-04-26 14:27:36 | SUCCESS | 0xf4ca466b6030b8ab3afa058305ea2478b23894b0 | Not eligible
2025-04-26 14:27:36 | SUCCESS | 0x17dbf92576718de0df5ea7bdde53f8bdbd6e967f | Eligible | 1000.0
2025-04-26 14:27:37 | SUCCESS | 0xe7f7bf04e8c52abe13fc88bfe43d322ad5595658 | Not eligible
2025-04-26 14:27:37 | ERROR | 0x0f14f18853d7208f02b75803ef4c6877adcadf76 | Прокси не работает
2025-04-26 14:27:38 | SUCCESS | 0x67bd69b1abddee08672ac72922f2c577dbbc3fc7 | Not eligible
2025-04-26 14:27:38 | SUCCESS | 0xd1e71384e21ed1d4527f21df47f0e0378b2555bc | Not eligible
2025-04-26 14:27:39 | SUCCESS | 0x489b17b8aa68082ee19b2c3c45b2cfb7687e1fcd | Eligible | 1000.0
2025-04-26 14:27:40 | SUCCESS | 0x5a730f67100495a5a907f05e1e18de740744bbb3 | Eligible | 1000.0
2025-04-26 14:27:40 | SUCCESS | 0x51ac4e952705579baaed49d1e321940d0b935541 | Eligible | 1000.0
2025-04-26 14:29:20 | SUCCESS | 0xcf64d057ef74b9a42eCBE32dc12A6C719778C115 | Not eligible
2025-04-26 14:29:20 | SUCCESS | 0xf4ca466b6030b8ab3afa058305ea2478b23894b0 | Not eligible
2025-04-26 14:29:20 | SUCCESS | 0x17dbf92576718de0df5ea7bdde53f8bdbd6e967f | Eligible | 1000.0
2025-04-26 14:29:20 | SUCCESS | 0xc555Bf33Fa1a9a5dd74F4ffA6e3f21Cdf24ADB44 | Not eligible
2025-04-26 14:29:20 | SUCCESS | 0xe7f7bf04e8c52abe13fc88bfe43d322ad5595658 | Not eligible
2025-04-26 14:29:20 | SUCCESS | 0x0f14f18853d7208f02b75803ef4c6877adcadf76 | Eligible | 1000.0
2025-04-26 14:29:21 | SUCCESS | 0xd1e71384e21ed1d4527f21df47f0e0378b2555bc | Not eligible
2025-04-26 14:29:21 | SUCCESS | 0x67bd69b1abddee08672ac72922f2c577dbbc3fc7 | Not eligible
2025-04-26 14:29:21 | SUCCESS | 0x489b17b8aa68082ee19b2c3c45b2cfb7687e1fcd | Eligible | 1000.0
2025-04-26 14:29:21 | SUCCESS | 0x5a730f67100495a5a907f05e1e18de740744bbb3 | Eligible | 1000.0
2025-04-26 14:29:21 | SUCCESS | 0x51ac4e952705579baaed49d1e321940d0b935541 | Eligible | 1000.0
2025-04-26 14:29:21 | SUCCESS | 0xbded7e105509dc783dfeb276716984a6522776b2 | Not eligible
2025-04-26 14:29:21 | SUCCESS | 0xf96f850cf92210e8f42c7ff0458563325ed667e6 | Not eligible
2025-04-26 14:29:21 | SUCCESS | 0x3b8e024944c716d681b321e4f7f8e8ffc74e81f9 | Not eligible
2025-04-26 14:29:21 | SUCCESS | 0x1f2b0b738c5f3b43524def542aa8ef95ddd003cd | Not eligible
2025-04-26 14:29:21 | SUCCESS | 0xafa8a66e109f8e41271ba5008fb0f69a4becd607 | Not eligible
2025-04-26 14:29:21 | SUCCESS | 0x7a8a897e1b7ddfc0ed850b98402cd0c41d1fec28 | Not eligible
2025-04-26 14:29:21 | SUCCESS | 0xf2ed6f51bfaa66263e9517a08762cd4741b59416 | Not eligible
2025-04-26 14:29:21 | SUCCESS | 0x6acfb4e35e23489d9af7f08ec4cfbb8dfd63fbb3 | Not eligible
2025-04-26 14:29:21 | SUCCESS | 0x334aa5513c9265ffd282d5ce2e07f71ac7b80660 | Not eligible
2025-04-26 14:29:22 | SUCCESS | 0x686edbea362d0d52c79340fed3b221be379a20fe | Not eligible
2025-04-26 14:29:22 | SUCCESS | 0xf228909c3fc14af7156cf8a1bc316dca09cdd5cb | Not eligible
2025-04-26 14:29:22 | SUCCESS | 0x8a9a5a15697d9ee3b6c058408d0c60e0a11fce84 | Not eligible
2025-04-26 14:29:22 | SUCCESS | 0x6227f75bb4859ce787168c9f29551cf396950538 | Not eligible
2025-04-26 14:29:22 | SUCCESS | 0x85d7fba3783c2d2ede0b14433ea4b3766fb237e7 | Not eligible
2025-04-26 14:29:22 | SUCCESS | 0x1c933dd645f737256eb2a5870fa3aa1dee572568 | Not eligible
2025-04-26 14:29:22 | SUCCESS | 0xe5f11d9e666b9582e116d881da52123ba19ba0f7 | Not eligible
2025-04-26 14:29:22 | SUCCESS | 0xd63f2e4cf93e10654585854405d27399aaa04f12 | Not eligible
2025-04-26 14:29:22 | SUCCESS | 0xad166b791618cb8e31ba4bd6c0477a1c08166d91 | Not eligible
2025-04-26 14:29:22 | SUCCESS | 0x21c02b49037614c8b7b0fcc81c2c2649ca420fc3 | Not eligible
2025-04-26 14:29:23 | SUCCESS | 0xe7df8accbd5558cac440f6fe637c761fa62538f7 | Not eligible
2025-04-26 14:29:23 | SUCCESS | 0x482428c78a31aa8666b78088cb596e15af60071d | Not eligible
2025-04-26 14:29:23 | SUCCESS | 0x33bd557470e539e164e187838e6f3dec2cba2bba | Not eligible
2025-04-26 14:29:23 | SUCCESS | 0x093e49ce2e01bb47139435e0025243808a100de8 | Not eligible
2025-04-26 14:29:23 | SUCCESS | 0xf204de3ea0739eae2cc6d722c4408debd543e043 | Not eligible
2025-04-26 14:29:23 | SUCCESS | 0xa2f307662bbdc4783ccaef6f9419eb815ddcfb06 | Not eligible
2025-04-26 14:29:23 | SUCCESS | 0x5240926d0f7dc603669cf003346ddbe5886e76e3 | Not eligible
2025-04-26 14:29:23 | SUCCESS | 0x184a92949044487c9e15df757fb3f60fbdb3dd26 | Not eligible
2025-04-26 14:29:23 | SUCCESS | 0xc2a83b00e58be107432a6cba4e1f7c504b7e7638 | Not eligible
2025-04-26 14:29:23 | SUCCESS | 0xc163ca6f1901c03448ca6946523f01e775aa4b3a | Not eligible
2025-04-26 14:29:24 | SUCCESS | 0x5df15fe4682ef328f399a71eb5581752e5578e8c | Not eligible
2025-04-26 14:29:24 | SUCCESS | 0x7b3a4df64ce9f677fa83f1671e61dbf4c405f230 | Not eligible
2025-04-26 14:29:24 | SUCCESS | 0x0002ffcea9e61ef28c04b3f5b9aa7d9c03eee864 | Not eligible
2025-04-26 14:29:24 | SUCCESS | 0x92d4c2c32e26fdd10734fda8acdf3111a951c187 | Not eligible
2025-04-26 14:29:24 | SUCCESS | 0xdc75bc5eeb2dc72c4087337cda421190901aad64 | Not eligible
2025-04-26 14:29:24 | SUCCESS | 0x7219d3a1fd505a9de07b3c31d2fd50db1b7a9a03 | Not eligible
2025-04-26 14:29:24 | SUCCESS | 0x41d1b370982360b4803fb0c38285074cf2f34199 | Not eligible
2025-04-26 14:29:24 | SUCCESS | 0x51b5d37c5d474906c7b60c6648f827213ad4940d | Not eligible
2025-04-26 14:29:24 | SUCCESS | 0x9c650a3e1c3e6047e8cf2c698182af9db7c738b3 | Not eligible
2025-04-26 14:29:24 | SUCCESS | 0x180c8c72c56cbe3f83a6254ef5e009e26973b42d | Not eligible
2025-04-26 14:29:24 | SUCCESS | 0x967ae4de2838feed76cd68e7b2356581f5407c10 | Not eligible
2025-04-26 14:29:24 | SUCCESS | 0x4b8370d4917ca0789961751ceddbc73a0062a385 | Not eligible
2025-04-26 14:29:24 | SUCCESS | 0x6da10c2d6876da4900ddf46356240119bab4eade | Not eligible
2025-04-26 14:29:25 | SUCCESS | 0xd1ccd4aacc9ac501a8eafce0cbe0eea41dc05225 | Not eligible
2025-04-26 14:29:25 | SUCCESS | 0x99f360207c9274b30c09038b44b8cce58f3bc5ed | Not eligible
2025-04-26 14:29:25 | SUCCESS | 0xb175c262ce452992ebf920afc45cfd54c36e108d | Not eligible
2025-04-26 14:29:25 | SUCCESS | 0x7c26ca2d3f12e23d161779b4e2fa09e0b1e926de | Not eligible
2025-04-26 14:29:25 | SUCCESS | 0xfe8d04e2939bb438831ba0cb997b1a24a5695efb | Not eligible
2025-04-26 14:29:25 | SUCCESS | 0x60da882f93595a2ff71ce475c7dca6d5ec613a93 | Not eligible
2025-04-26 14:29:25 | SUCCESS | 0x9d08ff81a68150bb03658ee4b03d24fe4a8b17fe | Not eligible
2025-04-26 14:29:25 | SUCCESS | 0x46037b0EFA9e61beCA89fc82c81d6FC2EA3F8876 | Not eligible
2025-04-26 14:29:25 | SUCCESS | 0x8f61c27f847bd3bda005d8fc792f6e515ac8b130 | Not eligible
2025-04-26 14:29:25 | SUCCESS | 0xA2c2fAb317E0C40fbd69CFAfcc8a0d9Dd7e332F6 | Not eligible
2025-04-26 14:29:25 | SUCCESS | 0xa440F6e4b6652065f0037F97D8Bd96065530Bf37 | Not eligible
2025-04-26 14:29:25 | SUCCESS | 0x8b8f55dB2FcBC35aaE89cA743FdC3B25816b3830 | Not eligible
2025-04-26 14:29:25 | SUCCESS | 0x61b46d0f35a476be350fd3c616cd177dfcfeaae3 | Not eligible
2025-04-26 14:29:25 | SUCCESS | 0xc2A18cB64089d56aeB12b5cD9839fa62A6990420 | Not eligible
2025-04-26 14:29:26 | SUCCESS | 0x9f45cd301fb35d3348066e2c88433661084f323d | Not eligible
2025-04-26 14:29:26 | SUCCESS | 0x6c22b093cf187ebef357992a88cd34c4d5fa7233 | Not eligible
2025-04-26 14:29:26 | SUCCESS | 0x6df6fc2e4d9390d13ad49355f641dab540d0d92b | Not eligible
2025-04-26 14:29:26 | SUCCESS | 0x6af2983dfce8c5dd55a49c5472d942784651f98c | Not eligible
2025-04-26 14:29:26 | SUCCESS | 0x252e2f291b8Ce0484640D17dA146E350aef841Ff | Not eligible
2025-04-26 14:29:26 | SUCCESS | 0x379ea13094B77c6240216200ff4b0575896CC182 | Not eligible
2025-04-26 14:29:26 | SUCCESS | 0x437cbcc295CA4Ee1A2Bedf7D4B3782aF8d58552E | Not eligible
2025-04-26 14:29:26 | SUCCESS | 0xFd7Fa51ff87Aa6a712efe4D805df171076820E46 | Not eligible
2025-04-26 14:29:26 | SUCCESS | 0xa670fa35f2e833fc11ace61d4aedc4a7b9dd472a | Not eligible
2025-04-26 14:29:26 | SUCCESS | 0x9F8e5F9EfF16F61F399Dd7eCDC275E20f1d5930f | Not eligible
2025-04-26 14:29:26 | SUCCESS | 0xa3159527a1c6382439e0a0216d6f258b6459d052 | Not eligible
2025-04-26 14:29:27 | SUCCESS | 0x4e75c59a3080f995a01e3fbfbddb2fb34d26c45d | Not eligible
2025-04-26 14:29:27 | SUCCESS | 0x84870a5b28632d2b7015c3f6ca651a1daca95781 | Not eligible
2025-04-26 14:29:27 | SUCCESS | 0x612320fd7da8336540118e54dbf299e09df683b0 | Not eligible
2025-04-26 14:29:27 | SUCCESS | 0x161f989b9462db65fb2af572d1d1e1ec161c0d04 | Not eligible
2025-04-26 14:29:27 | SUCCESS | 0x0bf2d971d3071285dabc9b412a50688d40ee2ba2 | Not eligible
2025-04-26 14:29:27 | SUCCESS | 0xe7b505578e4442adbc375847ee367752d8ada903 | Not eligible
2025-04-26 14:29:27 | SUCCESS | 0xe6ee60e7a2e359dd0d5497d1e8501ac78918c909 | Not eligible
2025-04-26 14:29:27 | SUCCESS | 0x6944a893a1f3e37320c0e8c172c141bd17309f08 | Not eligible
2025-04-26 14:29:27 | SUCCESS | 0x8fcdc13872431ae073582a6f31748786b4ad6e86 | Not eligible
2025-04-26 14:29:27 | SUCCESS | 0xe84ba44912808f00e5a38a450543afa0c91b8a60 | Not eligible
2025-04-26 14:29:28 | SUCCESS | 0x24772e1e03d58a25133a9da5cc49163255067379 | Not eligible
2025-04-26 14:29:28 | SUCCESS | 0x8bf777b9ee992d608ce5e33e71d7d11cf68fc4c4 | Not eligible
2025-04-26 14:29:29 | SUCCESS | 0x71c261d6ee8bb6b11aa44586def44e9b6fa170b3 | Not eligible
2025-04-26 14:29:29 | SUCCESS | 0x45c8981582c08a5cbce54ba9283b5a3966e63d3e | Not eligible
2025-04-26 14:29:29 | SUCCESS | 0x4117c32e4334a4255804dc32ba0b3fe27ae3b2ec | Not eligible
2025-04-26 14:29:29 | SUCCESS | 0xdb9ecfeda9e529fd6a09fd26441e0ac5dfbcba07 | Not eligible
2025-04-26 14:29:29 | SUCCESS | 0x3ff7387b79384d09e7eb8ecc72532f110eaefad1 | Not eligible
2025-04-26 14:29:29 | SUCCESS | 0x170993a74cfbbf2880ac19c6cc9959d750d7834b | Not eligible
2025-04-26 14:29:29 | SUCCESS | 0xf4a7a12187331eb993527c48d10fdf8f0ae4a15c | Not eligible
2025-04-26 14:29:29 | SUCCESS | 0x2f7263ec9554ae8c9a2b0a53d5e31f3c6be0e751 | Not eligible
2025-04-26 14:29:29 | SUCCESS | 0xb1f3df2235a1d15646e2773d41e147a7dc0227da | Not eligible
2025-04-26 14:29:29 | SUCCESS | 0x7e94759f8d80bf7e52648f2972bfee5b3116bd04 | Not eligible
2025-04-26 14:29:29 | SUCCESS | 0x26938b942cfeae350819eed06d2c1dc76944ed56 | Not eligible
2025-04-26 14:29:29 | SUCCESS | 0x389e0ff74c5dd71bd01319071fa44bc7b110dfd5 | Not eligible
2025-04-26 14:29:30 | SUCCESS | 0xacb2981202e97c9462d14970be6d9af1233c539e | Not eligible
2025-04-26 14:29:30 | SUCCESS | 0xc87c1abb64bbbb7be7f647d5e7c21b421c249f6b | Not eligible
2025-04-26 14:29:30 | SUCCESS | 0x1bc066b8f452dc9fdd9844872fe953ee7c8edfcc | Not eligible
2025-04-26 14:29:30 | SUCCESS | 0x074cecfc03426ae1d177f7ce7ba08cb89f89611c | Not eligible
2025-04-26 14:29:30 | SUCCESS | 0xb39e389c4f8c9e5c09a09d6a124166fe02874ea2 | Not eligible
2025-04-26 14:29:30 | SUCCESS | 0x2d79b08779233165160497e634a36ceea2dd91cd | Not eligible
2025-04-26 14:29:30 | SUCCESS | 0xdba021fe4100d58e7700424f343c27bc780177d0 | Not eligible
2025-04-26 14:29:30 | SUCCESS | 0xdb9356b0e68696aa43114d2d22490ccb8b67edd2 | Not eligible
2025-04-26 14:29:30 | SUCCESS | 0xbec0adb97319d02f9b3b0f69927cab457aa47e04 | Not eligible
2025-04-26 15:18:24 | SUCCESS | 0x67bD69b1abDDEE08672Ac72922f2C577DBbC3fc7 | Not eligible
2025-04-26 15:18:47 | SUCCESS | 0x51ac4e952705579bAaEd49d1e321940D0B935541 | Eligible | 1000.0
2025-04-26 15:18:47 | INFO  | ['0x3d4c29bb0783d86cddc8ec84bb10d4d8a8844d08d2863a7c14b7ca930585acc6', '0x0daff93e214c90afaaf781f7b3586ba0694e564147256dafb020d98e656f79d6', '0x08042d6d3aaa5baed496aaefa989b5daa1b196797694c2ff688a6b384cd3b670', '0xf1819d14abc3a70ffbaebc9653fe4db1226820f767e344b1177688e0115b1380', '0xc44392cee1fd3e4ada0eaef49e970b0aa9d17469e601619d625592fe032fe5ce', '0x35c7766fe302a203c8e3cec189284e2edbce46b7e66b756a4e08fe4b3865561d', '0xb7002c12d86e6d58179c481cd5b245f7872eea9bd89df64d929b471e82ad52d1', '0x4da64bbdec032aea0880cdd8af7f76935e733f4ae4e80133eafadcf759165b3f', '0x8ff2012dec6b0c42139ceb63d161741d7ab8a8ae8911e3eccbfc6426e27a7df8', '0x1d1dacbb2e9f6db9babb61ae381185bdc1f50e76f59a6dfc322348ceb39a6066', '0x376ab309ef891eef743f56687949f08ae39b1bae77d7c30cfc4b9c29665c174d', '0x466d58a008d604673eea3f890ec3bcef9c1a5de32e8db9a39804b2a99ae32156', '0xbf4e860b7d447be75584c3b9d11abfeb4bd667dcb9382ae3d3abe8cd9ec2c1b3', '0x4642666c6671c940841795b14da0a4e6255195dea7a225d24ea1932b22750e45', '0xa40b87c1f99211d67be469d728a2f3f6ae70f03ecf77e5ea3dfc3c1d476c1258', '0x81079f0b9a1e312a073c512f9ac1e652ba05995bb84314ce803800ac0c91ae4c']
2025-04-26 15:19:23 | SUCCESS | 0x51ac4e952705579bAaEd49d1e321940D0B935541 | Eligible | 1000.0
2025-04-26 15:27:20 | SUCCESS | 0x51ac4e952705579bAaEd49d1e321940D0B935541 | Eligible | 1000.0
2025-04-26 15:27:50 | SUCCESS | 0x51ac4e952705579bAaEd49d1e321940D0B935541 | Eligible | 1000.0
2025-04-26 15:27:50 | ERROR | 0x51ac4e952705579bAaEd49d1e321940D0B935541 | Failed request. Attempts finished
2025-04-26 15:31:06 | SUCCESS | 0x51ac4e952705579bAaEd49d1e321940D0B935541 | Eligible | 1000.0
2025-04-26 15:31:06 | INFO  | 0x51ac4e952705579bAaEd49d1e321940D0B935541 | Start claim
2025-04-26 15:32:49 | SUCCESS | 0x51ac4e952705579bAaEd49d1e321940D0B935541 | Eligible | 1000.0
2025-04-26 15:32:49 | INFO  | 0x51ac4e952705579bAaEd49d1e321940D0B935541 | Start claim
2025-04-26 15:35:39 | SUCCESS | 0x51ac4e952705579bAaEd49d1e321940D0B935541 | Eligible | 1000.0
2025-04-26 15:35:39 | INFO  | 0x51ac4e952705579bAaEd49d1e321940D0B935541 | Start claim
2025-04-26 15:36:52 | SUCCESS | 0x51ac4e952705579bAaEd49d1e321940D0B935541 | Eligible | 1000.0
2025-04-26 15:36:52 | INFO  | ['0x3d4c29bb0783d86cddc8ec84bb10d4d8a8844d08d2863a7c14b7ca930585acc6', '0x0daff93e214c90afaaf781f7b3586ba0694e564147256dafb020d98e656f79d6', '0x08042d6d3aaa5baed496aaefa989b5daa1b196797694c2ff688a6b384cd3b670', '0xf1819d14abc3a70ffbaebc9653fe4db1226820f767e344b1177688e0115b1380', '0xc44392cee1fd3e4ada0eaef49e970b0aa9d17469e601619d625592fe032fe5ce', '0x35c7766fe302a203c8e3cec189284e2edbce46b7e66b756a4e08fe4b3865561d', '0xb7002c12d86e6d58179c481cd5b245f7872eea9bd89df64d929b471e82ad52d1', '0x4da64bbdec032aea0880cdd8af7f76935e733f4ae4e80133eafadcf759165b3f', '0x8ff2012dec6b0c42139ceb63d161741d7ab8a8ae8911e3eccbfc6426e27a7df8', '0x1d1dacbb2e9f6db9babb61ae381185bdc1f50e76f59a6dfc322348ceb39a6066', '0x376ab309ef891eef743f56687949f08ae39b1bae77d7c30cfc4b9c29665c174d', '0x466d58a008d604673eea3f890ec3bcef9c1a5de32e8db9a39804b2a99ae32156', '0xbf4e860b7d447be75584c3b9d11abfeb4bd667dcb9382ae3d3abe8cd9ec2c1b3', '0x4642666c6671c940841795b14da0a4e6255195dea7a225d24ea1932b22750e45', '0xa40b87c1f99211d67be469d728a2f3f6ae70f03ecf77e5ea3dfc3c1d476c1258', '0x81079f0b9a1e312a073c512f9ac1e652ba05995bb84314ce803800ac0c91ae4c']
2025-04-26 15:36:52 | INFO  | 0x51ac4e952705579bAaEd49d1e321940D0B935541 | Start claim
2025-04-26 15:37:19 | SUCCESS | 0x51ac4e952705579bAaEd49d1e321940D0B935541 | Eligible | 1000.0
2025-04-26 15:37:19 | INFO  | 0x51ac4e952705579bAaEd49d1e321940D0B935541 | Start claim
2025-04-26 15:39:13 | SUCCESS | 0x51ac4e952705579bAaEd49d1e321940D0B935541 | Eligible | 1000.0
2025-04-26 15:39:13 | INFO  | 0x51ac4e952705579bAaEd49d1e321940D0B935541 | Start claim
2025-04-26 15:41:49 | SUCCESS | 0x51ac4e952705579bAaEd49d1e321940D0B935541 | Eligible | 1000.0
2025-04-26 15:41:49 | INFO  | 0x51ac4e952705579bAaEd49d1e321940D0B935541 | Start claim
2025-04-26 15:42:09 | SUCCESS | 0x51ac4e952705579bAaEd49d1e321940D0B935541 | Eligible | 1000.0
2025-04-26 15:42:09 | INFO  | 0x51ac4e952705579bAaEd49d1e321940D0B935541 | Start claim
2025-04-26 15:47:14 | SUCCESS | 0x51ac4e952705579bAaEd49d1e321940D0B935541 | Eligible | 1000.0
2025-04-26 15:47:14 | INFO  | 0x51ac4e952705579bAaEd49d1e321940D0B935541 | Start claim
2025-04-26 15:47:33 | SUCCESS | 0x51ac4e952705579bAaEd49d1e321940D0B935541 | Eligible | 1000.0
2025-04-26 15:47:33 | INFO  | 0x51ac4e952705579bAaEd49d1e321940D0B935541 | Start claim
2025-04-26 15:48:48 | SUCCESS | 0x51ac4e952705579bAaEd49d1e321940D0B935541 | Eligible | 1000.0
2025-04-26 15:48:48 | INFO  | 0x51ac4e952705579bAaEd49d1e321940D0B935541 | Start claim
2025-04-26 15:53:53 | SUCCESS | 0x51ac4e952705579bAaEd49d1e321940D0B935541 | Eligible | 1000.0
2025-04-26 15:53:53 | INFO  | 0x51ac4e952705579bAaEd49d1e321940D0B935541 | Start claim
2025-04-26 15:53:54 | WARNING | 0x51ac4e952705579bAaEd49d1e321940D0B935541 | {'code': -32000, 'message': 'insufficient funds for gas * price + value: balance 85480196504, tx cost 4592385308486, overshot 4506905111982', 'data': {'trace_id': '4b097db67b081012e2065d6b9f86f0a2'}}
2025-04-26 15:57:22 | SUCCESS | 0x51ac4e952705579bAaEd49d1e321940D0B935541 | Eligible | 1000.0
2025-04-26 15:57:22 | INFO  | 0x51ac4e952705579bAaEd49d1e321940D0B935541 | Start claim
2025-04-26 15:57:23 | WARNING | 0x51ac4e952705579bAaEd49d1e321940D0B935541 | {'code': -32000, 'message': 'insufficient funds for gas * price + value: balance 85480196504, tx cost 5754779488689, overshot 5669299292185', 'data': {'trace_id': '95e0410a284c3dce6ef25386bc5dfa4e'}}
2025-04-26 15:58:58 | SUCCESS | 0x51ac4e952705579bAaEd49d1e321940D0B935541 | Eligible | 1000.0
2025-04-26 15:58:58 | INFO  | 0x51ac4e952705579bAaEd49d1e321940D0B935541 | Start claim
2025-04-26 15:59:42 | SUCCESS | 0x51ac4e952705579bAaEd49d1e321940D0B935541 | Eligible | 1000.0
2025-04-26 15:59:42 | INFO  | 0x51ac4e952705579bAaEd49d1e321940D0B935541 | Start claim
2025-04-26 15:59:47 | ERROR | 0x51ac4e952705579bAaEd49d1e321940D0B935541 | Claim failed. Error - transaction failed 0xaf5422b1d526371dffe358c79b1cad16bbbcb7ab40a0106d3a1c9db870eb69ee
2025-04-26 16:02:04 | SUCCESS | 0x51ac4e952705579bAaEd49d1e321940D0B935541 | Eligible | 1000.0
2025-04-26 16:02:04 | INFO  | 0x51ac4e952705579bAaEd49d1e321940D0B935541 | Start claim
2025-04-26 16:02:09 | ERROR | 0x51ac4e952705579bAaEd49d1e321940D0B935541 | Claim failed. Error - transaction failed 0xc93e0d9d80cb8cc89b912fe8d736172af70c352971d0aecff6587e7fdb9e67a6
2025-04-26 16:03:59 | SUCCESS | 0x51ac4e952705579bAaEd49d1e321940D0B935541 | Eligible | 1000.0
2025-04-26 16:03:59 | INFO  | 0x51ac4e952705579bAaEd49d1e321940D0B935541 | Start claim
2025-04-26 16:04:05 | ERROR | 0x51ac4e952705579bAaEd49d1e321940D0B935541 | Claim failed. Error - transaction failed 0x9145c558d05b0408aa5a8bf69f5cc0fd834a7fd2575f226e2c7c4c511faba60f
2025-04-26 16:21:53 | SUCCESS | 0x51ac4e952705579bAaEd49d1e321940D0B935541 | Eligible | 1000.0
2025-04-26 16:21:53 | INFO  | 0x51ac4e952705579bAaEd49d1e321940D0B935541 | Start claim
2025-04-26 16:22:39 | SUCCESS | 0x51ac4e952705579bAaEd49d1e321940D0B935541 | Eligible | 1000.0
2025-04-26 16:22:39 | INFO  | 0x51ac4e952705579bAaEd49d1e321940D0B935541 | Start claim
2025-04-26 16:23:05 | SUCCESS | 0x51ac4e952705579bAaEd49d1e321940D0B935541 | Eligible | 1000.0
2025-04-26 16:23:05 | INFO  | 0x51ac4e952705579bAaEd49d1e321940D0B935541 | Start claim
2025-04-26 16:26:36 | SUCCESS | 0x51ac4e952705579bAaEd49d1e321940D0B935541 | Eligible | 1000.0
2025-04-26 16:26:36 | INFO  | 0x51ac4e952705579bAaEd49d1e321940D0B935541 | Start claim
2025-04-26 16:39:58 | SUCCESS | 0x51ac4e952705579bAaEd49d1e321940D0B935541 | Eligible | 1000.0
2025-04-26 16:39:58 | INFO  | 0x51ac4e952705579bAaEd49d1e321940D0B935541 | Start claim
2025-04-26 16:40:27 | SUCCESS | 0x51ac4e952705579bAaEd49d1e321940D0B935541 | Eligible | 1000.0
2025-04-26 16:40:27 | INFO  | 0x51ac4e952705579bAaEd49d1e321940D0B935541 | Start claim
2025-04-26 16:40:33 | SUCCESS | 0x51ac4e952705579bAaEd49d1e321940D0B935541 | tx_hash - 0xfa421cf34e9c3149a8e30ae5b2f7f5d6b969013d4154dc2f73c7471cd49302f2 | Success claim
2025-04-26 16:40:33 | ERROR | 0x51ac4e952705579bAaEd49d1e321940D0B935541 | Claim failed. Error - transaction failed 0xfa421cf34e9c3149a8e30ae5b2f7f5d6b969013d4154dc2f73c7471cd49302f2
2025-04-26 16:41:44 | SUCCESS | 0x51ac4e952705579bAaEd49d1e321940D0B935541 | Eligible | 1000.0
2025-04-26 16:41:44 | INFO  | 0x51ac4e952705579bAaEd49d1e321940D0B935541 | Start claim
2025-04-26 16:41:49 | SUCCESS | 0x51ac4e952705579bAaEd49d1e321940D0B935541 | tx_hash - 0x5d1dd1c68af9b7b2ba5fe3191dd53ccf1180aba69e036b7e33bc80df80aff156 | Success claim
2025-04-26 17:18:42 | SUCCESS | 0x51ac4e952705579bAaEd49d1e321940D0B935541 | Eligible | 1000.0
2025-04-26 17:18:42 | INFO  | 0x51ac4e952705579bAaEd49d1e321940D0B935541 | Start claim
2025-04-26 17:18:47 | SUCCESS | 0x51ac4e952705579bAaEd49d1e321940D0B935541 | tx_hash - 0x948f45809339355cd95bcd055f56842d12e2d4fe41b757748443a137c547d0f1 | Success claim
2025-04-26 17:18:47 | ERROR | 0x51ac4e952705579bAaEd49d1e321940D0B935541 | Claim failed. Error - transaction failed 0x948f45809339355cd95bcd055f56842d12e2d4fe41b757748443a137c547d0f1
2025-04-26 17:18:47 | INFO  | 0
2025-04-26 17:18:47 | WARNING | 0x51ac4e952705579bAaEd49d1e321940D0B935541 | На кошельке нет токенов
2025-04-26 17:29:19 | SUCCESS | 0x51ac4e952705579bAaEd49d1e321940D0B935541 | Eligible | 1000.0
2025-04-26 17:29:19 | INFO  | 0x51ac4e952705579bAaEd49d1e321940D0B935541 | Start claim
2025-04-26 17:29:23 | SUCCESS | 0x51ac4e952705579bAaEd49d1e321940D0B935541 | tx_hash - 0x0b542e30e106ceae4335ddd26e72c6d684e8e35120b37d04168a732e4398bb82 | Success claim
2025-04-26 17:29:23 | WARNING | 0x51ac4e952705579bAaEd49d1e321940D0B935541 | На кошельке нет токенов
2025-04-26 17:29:27 | SUCCESS | 0x51ac4e952705579bAaEd49d1e321940D0B935541 | tx_hash - 0xc2688478f32472224249a56e92664e2b9b4674c8cdc2536b1ac083a28076ead4 | Success transfer
2025-04-26 17:29:27 | ERROR | 0x51ac4e952705579bAaEd49d1e321940D0B935541 | Claim failed. Error - transaction failed 0xc2688478f32472224249a56e92664e2b9b4674c8cdc2536b1ac083a28076ead4
2025-04-26 17:30:05 | SUCCESS | 0x51ac4e952705579bAaEd49d1e321940D0B935541 | Eligible | 1000.0
2025-04-26 17:30:05 | INFO  | 0x51ac4e952705579bAaEd49d1e321940D0B935541 | Start claim
2025-04-26 17:30:11 | SUCCESS | 0x51ac4e952705579bAaEd49d1e321940D0B935541 | tx_hash - 0xe659a414d7e6bc155481a2a8daa4e83d6b98bc32eee8903f55e2e2c66b19242c | Success claim
2025-04-26 17:30:11 | INFO  | 0x51ac4e952705579bAaEd49d1e321940D0B935541 | Start transfer
2025-04-26 17:30:11 | WARNING | 0x51ac4e952705579bAaEd49d1e321940D0B935541 | На кошельке нет токенов
2025-04-26 17:30:17 | SUCCESS | 0x51ac4e952705579bAaEd49d1e321940D0B935541 | tx_hash - 0x91fd6cf2467e347314358e65a377e20fe1ba923042d170cc7559d71c533fec6f | Success transfer
2025-04-26 17:35:55 | SUCCESS | 0x51ac4e952705579bAaEd49d1e321940D0B935541 | Eligible | 1000.0
2025-04-26 17:35:55 | INFO  | 0x51ac4e952705579bAaEd49d1e321940D0B935541 | Start claim
2025-04-26 17:36:01 | SUCCESS | 0x51ac4e952705579bAaEd49d1e321940D0B935541 | tx_hash - 0x6a2dc151ba65b8db262e200b6e89c926d486f578499e5d80c5f639314e07fc85 | Success claim
2025-04-26 17:36:01 | INFO  | 0x51ac4e952705579bAaEd49d1e321940D0B935541 | Start transfer
2025-04-26 17:36:01 | WARNING | 0x51ac4e952705579bAaEd49d1e321940D0B935541 | На кошельке нет токенов
2025-04-26 17:36:07 | SUCCESS | 0x51ac4e952705579bAaEd49d1e321940D0B935541 | tx_hash - 0x3b683de90fd77f60ef6a20c8355aa2ed8dad8e6cecc01bcc0b5178393416cfca | Success transfer to 0x51ac4e952705579bAaEd49d1e321940D0B935541
2025-04-26 17:40:41 | SUCCESS | 0x51ac4e952705579bAaEd49d1e321940D0B935541 | Eligible | 1000.0
2025-04-26 17:40:41 | INFO  | 0x51ac4e952705579bAaEd49d1e321940D0B935541 | Start claim
2025-04-26 17:40:45 | SUCCESS | 0x51ac4e952705579bAaEd49d1e321940D0B935541 | tx_hash - 0x656437899dbdaaf89a8150da45861cfc02dbc53672b43da6984e41f152e3277d | Success claim
2025-04-26 17:40:45 | INFO  | 0x51ac4e952705579bAaEd49d1e321940D0B935541 | Start transfer
2025-04-26 17:40:45 | WARNING | 0x51ac4e952705579bAaEd49d1e321940D0B935541 | На кошельке нет токенов
2025-04-26 17:40:49 | SUCCESS | 0x51ac4e952705579bAaEd49d1e321940D0B935541 | tx_hash - 0xbee08289d0c2e83505e15675826b0487356b084d81d17b235d7e17ae71cd4e9e | Success transfer to 0x51ac4e952705579bAaEd49d1e321940D0B935541
2025-04-26 17:41:25 | SUCCESS | 0x51ac4e952705579bAaEd49d1e321940D0B935541 | Eligible | 1000.0
2025-04-26 17:41:25 | INFO  | 0x51ac4e952705579bAaEd49d1e321940D0B935541 | Start claim
2025-04-26 17:41:31 | SUCCESS | 0x51ac4e952705579bAaEd49d1e321940D0B935541 | tx_hash - 0xfffc0543da119cd7c29452747a746293202305f1ff24d33b9d23b3ce9c375931 | Success claim
2025-04-26 17:41:31 | INFO  | 0x51ac4e952705579bAaEd49d1e321940D0B935541 | Start transfer
2025-04-26 17:41:31 | WARNING | 0x51ac4e952705579bAaEd49d1e321940D0B935541 | На кошельке нет токенов
2025-04-26 17:41:37 | SUCCESS | 0x51ac4e952705579bAaEd49d1e321940D0B935541 | Eligible | 1000.0
2025-04-26 17:41:37 | INFO  | 0x51ac4e952705579bAaEd49d1e321940D0B935541 | Start claim
2025-04-26 17:41:43 | SUCCESS | 0x51ac4e952705579bAaEd49d1e321940D0B935541 | tx_hash - 0x5bed75a8e683bbd9f96f3cde7aa8b19cd1bb1d64da51389a6c8019172b9dc743 | Success claim
2025-04-26 17:41:57 | SUCCESS | 0x51ac4e952705579bAaEd49d1e321940D0B935541 | Eligible | 1000.0
2025-04-26 17:42:18 | SUCCESS | 0x51ac4e952705579bAaEd49d1e321940D0B935541 | Eligible | 1000.0
2025-04-26 17:42:18 | INFO  | 0x51ac4e952705579bAaEd49d1e321940D0B935541 | Start transfer
2025-04-26 17:42:19 | WARNING | 0x51ac4e952705579bAaEd49d1e321940D0B935541 | На кошельке нет токенов
2025-04-26 17:42:31 | SUCCESS | 0x51ac4e952705579bAaEd49d1e321940D0B935541 | Eligible | 1000.0
2025-04-26 17:50:07 | SUCCESS | 0xc555Bf33Fa1a9a5dd74F4ffA6e3f21Cdf24ADB44 | Not eligible
2025-04-26 17:50:07 | INFO  | 0xc555Bf33Fa1a9a5dd74F4ffA6e3f21Cdf24ADB44 | Start transfer
2025-04-26 17:50:08 | WARNING | 0xc555Bf33Fa1a9a5dd74F4ffA6e3f21Cdf24ADB44 | На кошельке нет токенов
2025-04-26 17:54:04 | SUCCESS | 0xc555Bf33Fa1a9a5dd74F4ffA6e3f21Cdf24ADB44 | Not eligible
2025-04-26 17:54:04 | INFO  | 0xc555Bf33Fa1a9a5dd74F4ffA6e3f21Cdf24ADB44 | Start transfer
2025-04-26 17:54:05 | WARNING | 0xc555Bf33Fa1a9a5dd74F4ffA6e3f21Cdf24ADB44 | На кошельке нет токенов
2025-04-26 17:54:53 | SUCCESS | 0xc555Bf33Fa1a9a5dd74F4ffA6e3f21Cdf24ADB44 | Not eligible
2025-04-26 17:54:53 | INFO  | 0xc555Bf33Fa1a9a5dd74F4ffA6e3f21Cdf24ADB44 | Start claim
2025-04-26 17:55:35 | SUCCESS | 0xc555Bf33Fa1a9a5dd74F4ffA6e3f21Cdf24ADB44 | Not eligible
2025-04-26 17:55:35 | INFO  | Сон 15 секунд между клэймом и трансфером
2025-04-26 17:55:50 | INFO  | 0xc555Bf33Fa1a9a5dd74F4ffA6e3f21Cdf24ADB44 | Start transfer
2025-04-26 17:55:51 | WARNING | 0xc555Bf33Fa1a9a5dd74F4ffA6e3f21Cdf24ADB44 | На кошельке нет токенов
2025-04-26 17:56:36 | SUCCESS | 0xc555Bf33Fa1a9a5dd74F4ffA6e3f21Cdf24ADB44 | Not eligible
2025-04-26 17:56:36 | DEBUG | Сон 15 секунд между клэймом и трансфером
2025-04-26 17:58:56 | SUCCESS | 0xc555Bf33Fa1a9a5dd74F4ffA6e3f21Cdf24ADB44 | Not eligible
